

Started GET "/crushinator_helpers" for 127.0.0.1 at 2016-03-28 15:04:23 -0500

ActionController::RoutingError (No route matches [GET] ""):
  actionpack (4.1.6) lib/action_dispatch/middleware/debug_exceptions.rb:21:in `call'
  actionpack (4.1.6) lib/action_dispatch/middleware/show_exceptions.rb:30:in `call'
  railties (4.1.6) lib/rails/rack/logger.rb:38:in `call_app'
  railties (4.1.6) lib/rails/rack/logger.rb:20:in `block in call'
  activesupport (4.1.6) lib/active_support/tagged_logging.rb:68:in `block in tagged'
  activesupport (4.1.6) lib/active_support/tagged_logging.rb:26:in `tagged'
  activesupport (4.1.6) lib/active_support/tagged_logging.rb:68:in `tagged'
  railties (4.1.6) lib/rails/rack/logger.rb:20:in `call'
  actionpack (4.1.6) lib/action_dispatch/middleware/request_id.rb:21:in `call'
  rack (1.5.2) lib/rack/methodoverride.rb:21:in `call'
  rack (1.5.2) lib/rack/runtime.rb:17:in `call'
  activesupport (4.1.6) lib/active_support/cache/strategy/local_cache_middleware.rb:26:in `call'
  rack (1.5.2) lib/rack/lock.rb:17:in `call'
  actionpack (4.1.6) lib/action_dispatch/middleware/static.rb:64:in `call'
  rack (1.5.2) lib/rack/sendfile.rb:112:in `call'
  railties (4.1.6) lib/rails/engine.rb:514:in `call'
  railties (4.1.6) lib/rails/application.rb:144:in `call'
  rack (1.5.2) lib/rack/lock.rb:17:in `call'
  rack (1.5.2) lib/rack/content_length.rb:14:in `call'
  rack (1.5.2) lib/rack/handler/webrick.rb:60:in `service'
  /Users/clayselby/.rvm/rubies/ruby-2.1.6/lib/ruby/2.1.0/webrick/httpserver.rb:138:in `service'
  /Users/clayselby/.rvm/rubies/ruby-2.1.6/lib/ruby/2.1.0/webrick/httpserver.rb:94:in `run'
  /Users/clayselby/.rvm/rubies/ruby-2.1.6/lib/ruby/2.1.0/webrick/server.rb:295:in `block in start_thread'


  Rendered /Users/clayselby/.rvm/gems/ruby-2.1.6/gems/actionpack-4.1.6/lib/action_dispatch/middleware/templates/rescues/_trace.html.erb (0.9ms)
  Rendered /Users/clayselby/.rvm/gems/ruby-2.1.6/gems/actionpack-4.1.6/lib/action_dispatch/middleware/templates/routes/_route.html.erb (0.4ms)
  Rendered /Users/clayselby/.rvm/gems/ruby-2.1.6/gems/actionpack-4.1.6/lib/action_dispatch/middleware/templates/routes/_route.html.erb (0.0ms)
  Rendered /Users/clayselby/.rvm/gems/ruby-2.1.6/gems/actionpack-4.1.6/lib/action_dispatch/middleware/templates/routes/_table.html.erb (4.1ms)
  Rendered /Users/clayselby/.rvm/gems/ruby-2.1.6/gems/actionpack-4.1.6/lib/action_dispatch/middleware/templates/rescues/routing_error.html.erb within rescues/layout (17.2ms)


Started GET "/" for 127.0.0.1 at 2016-03-28 15:04:25 -0500
Processing by Rails::WelcomeController#index as HTML
  Rendered /Users/clayselby/.rvm/gems/ruby-2.1.6/gems/railties-4.1.6/lib/rails/templates/rails/welcome/index.html.erb (0.5ms)
Completed 200 OK in 1ms (Views: 1.3ms)


Started GET "/crushinator_helpers" for 127.0.0.1 at 2016-03-28 15:04:40 -0500

ActionController::RoutingError (No route matches [GET] ""):
  actionpack (4.1.6) lib/action_dispatch/middleware/debug_exceptions.rb:21:in `call'
  actionpack (4.1.6) lib/action_dispatch/middleware/show_exceptions.rb:30:in `call'
  railties (4.1.6) lib/rails/rack/logger.rb:38:in `call_app'
  railties (4.1.6) lib/rails/rack/logger.rb:20:in `block in call'
  activesupport (4.1.6) lib/active_support/tagged_logging.rb:68:in `block in tagged'
  activesupport (4.1.6) lib/active_support/tagged_logging.rb:26:in `tagged'
  activesupport (4.1.6) lib/active_support/tagged_logging.rb:68:in `tagged'
  railties (4.1.6) lib/rails/rack/logger.rb:20:in `call'
  actionpack (4.1.6) lib/action_dispatch/middleware/request_id.rb:21:in `call'
  rack (1.5.2) lib/rack/methodoverride.rb:21:in `call'
  rack (1.5.2) lib/rack/runtime.rb:17:in `call'
  activesupport (4.1.6) lib/active_support/cache/strategy/local_cache_middleware.rb:26:in `call'
  rack (1.5.2) lib/rack/lock.rb:17:in `call'
  actionpack (4.1.6) lib/action_dispatch/middleware/static.rb:64:in `call'
  rack (1.5.2) lib/rack/sendfile.rb:112:in `call'
  railties (4.1.6) lib/rails/engine.rb:514:in `call'
  railties (4.1.6) lib/rails/application.rb:144:in `call'
  rack (1.5.2) lib/rack/lock.rb:17:in `call'
  rack (1.5.2) lib/rack/content_length.rb:14:in `call'
  rack (1.5.2) lib/rack/handler/webrick.rb:60:in `service'
  /Users/clayselby/.rvm/rubies/ruby-2.1.6/lib/ruby/2.1.0/webrick/httpserver.rb:138:in `service'
  /Users/clayselby/.rvm/rubies/ruby-2.1.6/lib/ruby/2.1.0/webrick/httpserver.rb:94:in `run'
  /Users/clayselby/.rvm/rubies/ruby-2.1.6/lib/ruby/2.1.0/webrick/server.rb:295:in `block in start_thread'


  Rendered /Users/clayselby/.rvm/gems/ruby-2.1.6/gems/actionpack-4.1.6/lib/action_dispatch/middleware/templates/rescues/_trace.html.erb (9.3ms)
  Rendered /Users/clayselby/.rvm/gems/ruby-2.1.6/gems/actionpack-4.1.6/lib/action_dispatch/middleware/templates/routes/_route.html.erb (0.6ms)
  Rendered /Users/clayselby/.rvm/gems/ruby-2.1.6/gems/actionpack-4.1.6/lib/action_dispatch/middleware/templates/routes/_route.html.erb (0.0ms)
  Rendered /Users/clayselby/.rvm/gems/ruby-2.1.6/gems/actionpack-4.1.6/lib/action_dispatch/middleware/templates/routes/_table.html.erb (0.6ms)
  Rendered /Users/clayselby/.rvm/gems/ruby-2.1.6/gems/actionpack-4.1.6/lib/action_dispatch/middleware/templates/rescues/routing_error.html.erb within rescues/layout (19.0ms)


Started GET "/crushinator_helpers" for 127.0.0.1 at 2016-03-28 15:04:49 -0500

ActionController::RoutingError (No route matches [GET] ""):
  actionpack (4.1.6) lib/action_dispatch/middleware/debug_exceptions.rb:21:in `call'
  actionpack (4.1.6) lib/action_dispatch/middleware/show_exceptions.rb:30:in `call'
  railties (4.1.6) lib/rails/rack/logger.rb:38:in `call_app'
  railties (4.1.6) lib/rails/rack/logger.rb:20:in `block in call'
  activesupport (4.1.6) lib/active_support/tagged_logging.rb:68:in `block in tagged'
  activesupport (4.1.6) lib/active_support/tagged_logging.rb:26:in `tagged'
  activesupport (4.1.6) lib/active_support/tagged_logging.rb:68:in `tagged'
  railties (4.1.6) lib/rails/rack/logger.rb:20:in `call'
  actionpack (4.1.6) lib/action_dispatch/middleware/request_id.rb:21:in `call'
  rack (1.5.2) lib/rack/methodoverride.rb:21:in `call'
  rack (1.5.2) lib/rack/runtime.rb:17:in `call'
  activesupport (4.1.6) lib/active_support/cache/strategy/local_cache_middleware.rb:26:in `call'
  rack (1.5.2) lib/rack/lock.rb:17:in `call'
  actionpack (4.1.6) lib/action_dispatch/middleware/static.rb:64:in `call'
  rack (1.5.2) lib/rack/sendfile.rb:112:in `call'
  railties (4.1.6) lib/rails/engine.rb:514:in `call'
  railties (4.1.6) lib/rails/application.rb:144:in `call'
  rack (1.5.2) lib/rack/lock.rb:17:in `call'
  rack (1.5.2) lib/rack/content_length.rb:14:in `call'
  rack (1.5.2) lib/rack/handler/webrick.rb:60:in `service'
  /Users/clayselby/.rvm/rubies/ruby-2.1.6/lib/ruby/2.1.0/webrick/httpserver.rb:138:in `service'
  /Users/clayselby/.rvm/rubies/ruby-2.1.6/lib/ruby/2.1.0/webrick/httpserver.rb:94:in `run'
  /Users/clayselby/.rvm/rubies/ruby-2.1.6/lib/ruby/2.1.0/webrick/server.rb:295:in `block in start_thread'


  Rendered /Users/clayselby/.rvm/gems/ruby-2.1.6/gems/actionpack-4.1.6/lib/action_dispatch/middleware/templates/rescues/_trace.html.erb (0.9ms)
  Rendered /Users/clayselby/.rvm/gems/ruby-2.1.6/gems/actionpack-4.1.6/lib/action_dispatch/middleware/templates/routes/_route.html.erb (0.4ms)
  Rendered /Users/clayselby/.rvm/gems/ruby-2.1.6/gems/actionpack-4.1.6/lib/action_dispatch/middleware/templates/routes/_route.html.erb (0.0ms)
  Rendered /Users/clayselby/.rvm/gems/ruby-2.1.6/gems/actionpack-4.1.6/lib/action_dispatch/middleware/templates/routes/_table.html.erb (0.6ms)
  Rendered /Users/clayselby/.rvm/gems/ruby-2.1.6/gems/actionpack-4.1.6/lib/action_dispatch/middleware/templates/rescues/routing_error.html.erb within rescues/layout (10.7ms)


Started GET "/crushinator_helpers" for 127.0.0.1 at 2016-03-28 15:05:07 -0500

ActionController::RoutingError (No route matches [GET] ""):
  actionpack (4.1.6) lib/action_dispatch/middleware/debug_exceptions.rb:21:in `call'
  actionpack (4.1.6) lib/action_dispatch/middleware/show_exceptions.rb:30:in `call'
  railties (4.1.6) lib/rails/rack/logger.rb:38:in `call_app'
  railties (4.1.6) lib/rails/rack/logger.rb:20:in `block in call'
  activesupport (4.1.6) lib/active_support/tagged_logging.rb:68:in `block in tagged'
  activesupport (4.1.6) lib/active_support/tagged_logging.rb:26:in `tagged'
  activesupport (4.1.6) lib/active_support/tagged_logging.rb:68:in `tagged'
  railties (4.1.6) lib/rails/rack/logger.rb:20:in `call'
  actionpack (4.1.6) lib/action_dispatch/middleware/request_id.rb:21:in `call'
  rack (1.5.2) lib/rack/methodoverride.rb:21:in `call'
  rack (1.5.2) lib/rack/runtime.rb:17:in `call'
  activesupport (4.1.6) lib/active_support/cache/strategy/local_cache_middleware.rb:26:in `call'
  rack (1.5.2) lib/rack/lock.rb:17:in `call'
  actionpack (4.1.6) lib/action_dispatch/middleware/static.rb:64:in `call'
  rack (1.5.2) lib/rack/sendfile.rb:112:in `call'
  railties (4.1.6) lib/rails/engine.rb:514:in `call'
  railties (4.1.6) lib/rails/application.rb:144:in `call'
  rack (1.5.2) lib/rack/lock.rb:17:in `call'
  rack (1.5.2) lib/rack/content_length.rb:14:in `call'
  rack (1.5.2) lib/rack/handler/webrick.rb:60:in `service'
  /Users/clayselby/.rvm/rubies/ruby-2.1.6/lib/ruby/2.1.0/webrick/httpserver.rb:138:in `service'
  /Users/clayselby/.rvm/rubies/ruby-2.1.6/lib/ruby/2.1.0/webrick/httpserver.rb:94:in `run'
  /Users/clayselby/.rvm/rubies/ruby-2.1.6/lib/ruby/2.1.0/webrick/server.rb:295:in `block in start_thread'


  Rendered /Users/clayselby/.rvm/gems/ruby-2.1.6/gems/actionpack-4.1.6/lib/action_dispatch/middleware/templates/rescues/_trace.html.erb (0.8ms)
  Rendered /Users/clayselby/.rvm/gems/ruby-2.1.6/gems/actionpack-4.1.6/lib/action_dispatch/middleware/templates/routes/_route.html.erb (0.5ms)
  Rendered /Users/clayselby/.rvm/gems/ruby-2.1.6/gems/actionpack-4.1.6/lib/action_dispatch/middleware/templates/routes/_route.html.erb (0.0ms)
  Rendered /Users/clayselby/.rvm/gems/ruby-2.1.6/gems/actionpack-4.1.6/lib/action_dispatch/middleware/templates/routes/_table.html.erb (4.1ms)
  Rendered /Users/clayselby/.rvm/gems/ruby-2.1.6/gems/actionpack-4.1.6/lib/action_dispatch/middleware/templates/rescues/routing_error.html.erb within rescues/layout (15.8ms)


Started GET "/" for 127.0.0.1 at 2016-03-28 15:06:55 -0500
Processing by Rails::WelcomeController#index as HTML
  Rendered /Users/clayselby/.rvm/gems/ruby-2.1.6/gems/railties-4.1.6/lib/rails/templates/rails/welcome/index.html.erb (1.0ms)
Completed 200 OK in 4ms (Views: 4.4ms)


Started GET "/" for 127.0.0.1 at 2016-03-28 15:07:16 -0500
Processing by Rails::WelcomeController#index as HTML
  Rendered /Users/clayselby/.rvm/gems/ruby-2.1.6/gems/railties-4.1.6/lib/rails/templates/rails/welcome/index.html.erb (0.0ms)
Completed 200 OK in 1ms (Views: 0.7ms)


Started GET "/rails/info/properties" for 127.0.0.1 at 2016-03-28 15:07:19 -0500
Processing by Rails::InfoController#properties as */*
  Rendered /Users/clayselby/.rvm/gems/ruby-2.1.6/gems/railties-4.1.6/lib/rails/templates/rails/info/properties.html.erb (0.3ms)
Completed 200 OK in 9ms (Views: 4.9ms)
